<?xml version="1.0" encoding="UTF-8"?>
<!-- Generated by org.testng.reporters.JUnitXMLReporter -->
<testsuite ignored="0" hostname="Shiva" failures="0" tests="3" name="Test-1" time="73.148" errors="0" timestamp="24 Aug 2024 07:23:36 GMT">
  <testcase classname="com.comcast.crm.orgtest.CreateOrgTestUsingBaseClassTest" name="createOrgTest" time="16.468"/>
  <testcase classname="com.comcast.crm.orgtest.CreateOrgTestUsingBaseClassTest" name="createOrgTestWithIndustry" time="17.122"/>
  <testcase classname="com.comcast.crm.orgtest.CreateOrgTestUsingBaseClassTest" name="createOrgTestWithPhoneNumber" time="14.761"/>
</testsuite> <!-- Test-1 -->
