<?xml version="1.0" encoding="UTF-8"?>
<!-- Generated by org.testng.reporters.JUnitXMLReporter -->
<testsuite ignored="0" hostname="Shiva" failures="0" tests="3" name="Test-2" time="84.641" errors="0" timestamp="24 Aug 2024 07:23:47 GMT">
  <testcase classname="com.comcast.crm.contacttest.CreateContactTestUsingBaseClass" name="CreateContactTestUsingBaseClas" time="14.902"/>
  <testcase classname="com.comcast.crm.contacttest.CreateContactTestUsingBaseClass" name="CreateContactwithOrgTest" time="30.949"/>
  <testcase classname="com.comcast.crm.contacttest.CreateContactTestUsingBaseClass" name="CreateContactwithSupportDateTest" time="11.549"/>
</testsuite> <!-- Test-2 -->
