<?xml version="1.0" encoding="UTF-8"?>
<!-- Generated by org.testng.reporters.JUnitReportReporter -->
<testsuite hostname="Shiva" failures="0" tests="1" name="com.comcast.crm.orgtest.CreateOrgTestUsingBaseClassTest" time="40.279" errors="0" timestamp="10 Sep 2024 10:55:36 GMT" skipped="0">
  <testcase classname="com.comcast.crm.orgtest.CreateOrgTestUsingBaseClassTest" name="createOrgTest" time="40.279"/>
</testsuite> <!-- com.comcast.crm.orgtest.CreateOrgTestUsingBaseClassTest -->
