<?xml version="1.0" encoding="UTF-8"?>
<!-- Generated by org.testng.reporters.JUnitReportReporter -->
<testsuite hostname="Shiva" failures="0" tests="1" name="com.comcast.crm.contacttest.CreateContactTestUsingBaseClass" time="44.839" errors="0" timestamp="05 Sep 2024 12:39:41 GMT" skipped="0">
  <testcase classname="com.comcast.crm.contacttest.CreateContactTestUsingBaseClass" name="CreateContactTestUsingBaseClas" time="44.839"/>
</testsuite> <!-- com.comcast.crm.contacttest.CreateContactTestUsingBaseClass -->
