<?xml version="1.0" encoding="UTF-8"?>
<!-- Generated by org.testng.reporters.JUnitReportReporter -->
<testsuite hostname="Shiva" failures="0" tests="2" name="com.pac1.CreateContactTest" time="0.008" errors="0" timestamp="21 Aug 2024 07:36:38 GMT" skipped="0">
  <testcase classname="com.pac1.CreateContactTest" name="createContactwithSupportDate" time="0.003"/>
  <testcase classname="com.pac1.CreateContactTest" name="createContact" time="0.005"/>
</testsuite> <!-- com.pac1.CreateContactTest -->
