<?xml version="1.0" encoding="UTF-8"?>
<!-- Generated by org.testng.reporters.JUnitReportReporter -->
<testsuite hostname="Shiva" failures="0" tests="1" name="rmgYantra.ReadDataFromPropFileEnterInExcel" time="1.013" errors="0" timestamp="28 Aug 2024 04:56:24 GMT" skipped="0">
  <testcase classname="rmgYantra.ReadDataFromPropFileEnterInExcel" name="m1" time="1.013"/>
</testsuite> <!-- rmgYantra.ReadDataFromPropFileEnterInExcel -->
